<?xml version="1.0" encoding="UTF-8"?>
<testng-results ignored="0" total="1" passed="1" failed="0" skipped="0">
  <reporter-output>
  </reporter-output>
  <suite started-at="2024-07-25T14:00:02 IST" name="Default suite" finished-at="2024-07-25T14:00:11 IST" duration-ms="9195">
    <groups>
    </groups>
    <test started-at="2024-07-25T14:00:02 IST" name="Default test" finished-at="2024-07-25T14:00:11 IST" duration-ms="9195">
      <class name="Testing.SriptingPOM">
        <test-method is-config="true" signature="openbrowser()[pri:0, instance:Testing.SriptingPOM@a514af7]" started-at="2024-07-25T14:00:02 IST" name="openbrowser" finished-at="2024-07-25T14:00:03 IST" duration-ms="1699" status="PASS">
          <reporter-output>
          </reporter-output>
        </test-method> <!-- openbrowser -->
        <test-method signature="mytestcases()[pri:0, instance:Testing.SriptingPOM@a514af7]" started-at="2024-07-25T14:00:03 IST" name="mytestcases" finished-at="2024-07-25T14:00:11 IST" duration-ms="7464" status="PASS">
          <reporter-output>
          </reporter-output>
        </test-method> <!-- mytestcases -->
        <test-method is-config="true" signature="closebrowser()[pri:0, instance:Testing.SriptingPOM@a514af7]" started-at="2024-07-25T14:00:11 IST" name="closebrowser" finished-at="2024-07-25T14:00:11 IST" duration-ms="0" status="PASS">
          <reporter-output>
          </reporter-output>
        </test-method> <!-- closebrowser -->
      </class> <!-- Testing.SriptingPOM -->
    </test> <!-- Default test -->
  </suite> <!-- Default suite -->
</testng-results>
